  button.cpp
C:\2nd\방명록\Ref_GuestBook\Ref_GuestBook\button.cpp(28,5): warning C4312: '형식 캐스트': 'int'에서 더 큰 'HMENU'(으)로의 변환입니다.
C:\2nd\방명록\Ref_GuestBook\Ref_GuestBook\button.cpp(44,5): warning C4312: '형식 캐스트': 'int'에서 더 큰 'HMENU'(으)로의 변환입니다.
  c_color.cpp
  drawline.cpp
  erase.cpp
  file_io.cpp
C:\2nd\방명록\Ref_GuestBook\Ref_GuestBook\file_io.cpp(33,10): warning C4101: 'dir' :참조되지 않은 지역 변수입니다.
  file_operations.cpp
  paint_area.cpp
  Ref_GuestBook.cpp
C:\2nd\방명록\Ref_GuestBook\Ref_GuestBook\resource.h(20,1): warning C4005: 'IDI_REPLAY_ICON': 매크로 재정의
  (소스 파일 'Ref_GuestBook.cpp'을(를) 컴파일하는 중)
  C:\2nd\방명록\Ref_GuestBook\Ref_GuestBook\resource.h(19,1):
  'IDI_REPLAY_ICON'의 이전 정의를 참조하십시오.
  
  replay.cpp
  w_control.cpp
C:\2nd\방명록\Ref_GuestBook\Ref_GuestBook\resource.h(20,1): warning C4005: 'IDI_REPLAY_ICON': 매크로 재정의
  (소스 파일 'w_control.cpp'을(를) 컴파일하는 중)
  C:\2nd\방명록\Ref_GuestBook\Ref_GuestBook\resource.h(19,1):
  'IDI_REPLAY_ICON'의 이전 정의를 참조하십시오.
  
  코드를 생성하고 있습니다...
resource.h(20): warning RC4005: 'IDI_REPLAY_ICON' : redefinition
  
  Ref_GuestBook.vcxproj -> C:\2nd\방명록\Ref_GuestBook\Ref_GuestBook\x64\Debug\Ref_GuestBook.exe
